<?xml version="1.0" encoding="UTF-8"?>
<testsuite name="com.example.TestProperties" tests="1" skipped="0" failures="0" errors="0" timestamp="2026-02-22T18:26:27" hostname="JOSEPHHENRY" time="0.757">
  <properties/>
  <testcase name="testProps" classname="com.example.TestProperties" time="0.757"/>
  <system-out><![CDATA[=== NLB Fields ===
account
owner
type
region
name
description
visibility
internalId
areaId
sshHost
sshPort
sshUsername
sshPassword
internalIp
externalIp
managementUrl
apiPort
adminPort
sslEnabled
enabled
dateCreated
lastUpdated
status
statusMessage
statusDate
pool
sslCert
networkServerId
uuid
hourlyPrice
cloud
serverName
poolName
serviceName
virtualServiceName
monitors
credentialLoaded
credentialData
=== NLB Methods ===
getName
setName
getType
getMonitors
getOwner
setOwner
getRegion
getPool
setRegion
setType
getDescription
getStatus
setEnabled
setStatusMessage
getNetworkServerId
getHourlyPrice
getStatusMessage
getStatusDate
setPool
setNetworkServerId
setUuid
getUuid
setHourlyPrice
setMonitors
getCloud
setStatusDate
getSslCert
setSslCert
setExternalIp
getSshPassword
getSshPort
setAdminPort
setSshHost
setManagementUrl
getDateCreated
setStatus
setInternalId
getApiPort
getSshUsername
getInternalIp
setSshPort
setInternalIp
getExternalIp
setApiPort
getAdminPort
setAreaId
setSslEnabled
getSshHost
getLastUpdated
setLastUpdated
getAreaId
setSshPassword
setDateCreated
getInternalId
setSshUsername
getManagementUrl
setVirtualServiceName
getCredentialLoaded
setCredentialLoaded
getVirtualServiceName
getAccount
setAccount
getVisibility
setVisibility
setCloud
setServerName
setPoolName
getServiceName
getServerName
getCredentialData
getPoolName
setCredentialData
setServiceName
setDescription
getExternalId
setExternalId
getProperties
getId
setConfig
getConfigMap
setConfigMap
setId
getDirtyProperties
getConfigProperty
getConfig
getDirtyPropertyValues
setConfigProperty
getClass
=== Workload Fields ===
account
uuid
privateNetworking
userData
internalName
displayName
category
apiKey
dateCreated
lastUpdated
statsEnabled
status
statusMessage
errorMessage
userStatus
environmentPrefix
lastStats
configs
rawData
runtimeInfo
containerVersion
repositoryImage
planCategory
hostname
domainName
volumeCreated
containerCreated
maxStorage
maxMemory
maxCores
coresPerSocket
maxCpu
usedStorage
usedMemory
usedCpu
provisionTime
configGroup
configId
configRole
configSettings
configTags
inventoryExternalRef
inventoryServiceId
changeManagementExtId
changeManagementServiceId
internalIp
externalIp
internalId
uniqueId
controlId
monitorId
serviceId
deploymentId
iacId
specType
specId
resourceLevel
hourlyPrice
hourlyCost
runningMultiplier
runningPrice
runningCost
serviceUrls
inService
itemSource
managed
server
plan
computeZonePool
instance
network
workloadType
workloadTypeSet
subnet
=== Workload Methods ===
getName
getInstance
getInternalName
getDisplayName
getErrorMessage
getCategory
getStatus
setInstance
getHostname
getConfigMap
setConfigMap
setStatusMessage
getHourlyPrice
getStatusMessage
setUuid
getUuid
setHourlyPrice
setUserData
getUserData
setDisplayName
setExternalIp
getDateCreated
setStatus
setInternalId
getInternalIp
setInternalIp
getExternalIp
getLastUpdated
setLastUpdated
setDateCreated
getInternalId
setCategory
getAccount
setAccount
getApiKey
setApiKey
setErrorMessage
getIacId
setIacId
getDomainName
setDomainName
setUniqueId
getUniqueId
setRawData
getRawData
getPrivateNetworking
getContainerVersion
getContainerCreated
getEnvironmentPrefix
setEnvironmentPrefix
setContainerVersion
setContainerCreated
setPrivateNetworking
setRunningMultiplier
setChangeManagementExtId
setInventoryServiceId
setChangeManagementServiceId
getRunningMultiplier
getChangeManagementExtId
setInventoryExternalRef
getInventoryExternalRef
getChangeManagementServiceId
getInventoryServiceId
setLastStats
getServer
getPlan
setCloudPool
getLastStats
getRuntimeInfo
setRepositoryImage
getWorkloadType
setPlan
getCloudPool
setConfigs
getStatsEnabled
setStatsEnabled
getUserStatus
getConfigs
setServer
setRuntimeInfo
setUserStatus
getRepositoryImage
getPlanCategory
setInternalName
getControlId
setCoresPerSocket
getSpecType
getDeploymentId
getUsedStorage
getUsedCpu
getSpecId
setSpecType
setSpecId
getMaxMemory
getNetwork
setResourceLevel
setConfigTags
getHourlyCost
getRunningPrice
setProvisionTime
getMaxStorage
setHostname
getProvisionTime
setWorkloadType
getWorkloadTypeSet
setMaxMemory
setConfigSettings
getConfigSettings
setMonitorId
setUsedCpu
setServiceId
setRunningPrice
getConfigGroup
setHourlyCost
getRunningCost
setRunningCost
getServiceUrls
setDeploymentId
setServiceUrls
getConfigTags
getVolumeCreated
getInService
setInService
getServiceId
getItemSource
setItemSource
getResourceLevel
getManaged
setPlanCategory
setMaxStorage
getCoresPerSocket
setUsedMemory
setMaxCpu
setVolumeCreated
setUsedStorage
getUsedMemory
setNetwork
setWorkloadTypeSet
getConfigRole
setConfigGroup
getConfigId
getMaxCores
setConfigRole
getMaxCpu
getMonitorId
setControlId
setMaxCores
setConfigId
setManaged
setComputeZonePool
setSubnet
getComputeZonePool
getSubnet
getExternalId
setExternalId
getServerId
setServerId
getIdentityProperties
getProperties
getId
setConfig
setId
getDirtyProperties
getConfigProperty
getConfig
getDirtyPropertyValues
setConfigProperty
getClass
]]></system-out>
  <system-err><![CDATA[]]></system-err>
</testsuite>
